[debug] [2025-03-02T23:33:54.612Z] ----------------------------------------------------------------------
[debug] [2025-03-02T23:33:54.613Z] Command:       C:\Program Files\nodejs\node.exe C:\Users\ABC88\AppData\Roaming\npm\node_modules\firebase-tools\lib\bin\firebase.js serve
[debug] [2025-03-02T23:33:54.614Z] CLI Version:   13.32.0
[debug] [2025-03-02T23:33:54.614Z] Platform:      win32
[debug] [2025-03-02T23:33:54.614Z] Node Version:  v22.14.0
[debug] [2025-03-02T23:33:54.614Z] Time:          Sun Mar 02 2025 15:33:54 GMT-0800 (Pacific Standard Time)
[debug] [2025-03-02T23:33:54.614Z] ----------------------------------------------------------------------
[debug] 
[debug] [2025-03-02T23:33:54.741Z] > command requires scopes: ["email","openid","https://www.googleapis.com/auth/cloudplatformprojects.readonly","https://www.googleapis.com/auth/firebase","https://www.googleapis.com/auth/cloud-platform"]
[debug] [2025-03-02T23:33:54.741Z] > authorizing via signed-in user (abc004@ucsd.edu)
[debug] [2025-03-02T23:33:54.741Z] [iam] checking project chinese-engineering-society for permissions ["firebase.projects.get"]
[debug] [2025-03-02T23:33:54.742Z] Checked if tokens are valid: true, expires at: 1740961462658
[debug] [2025-03-02T23:33:54.742Z] Checked if tokens are valid: true, expires at: 1740961462658
[debug] [2025-03-02T23:33:54.745Z] >>> [apiv2][query] POST https://cloudresourcemanager.googleapis.com/v1/projects/chinese-engineering-society:testIamPermissions [none]
[debug] [2025-03-02T23:33:54.745Z] >>> [apiv2][(partial)header] POST https://cloudresourcemanager.googleapis.com/v1/projects/chinese-engineering-society:testIamPermissions x-goog-quota-user=projects/chinese-engineering-society
[debug] [2025-03-02T23:33:54.745Z] >>> [apiv2][body] POST https://cloudresourcemanager.googleapis.com/v1/projects/chinese-engineering-society:testIamPermissions {"permissions":["firebase.projects.get"]}
[debug] [2025-03-02T23:33:55.007Z] <<< [apiv2][status] POST https://cloudresourcemanager.googleapis.com/v1/projects/chinese-engineering-society:testIamPermissions 200
[debug] [2025-03-02T23:33:55.007Z] <<< [apiv2][body] POST https://cloudresourcemanager.googleapis.com/v1/projects/chinese-engineering-society:testIamPermissions {"permissions":["firebase.projects.get"]}
[debug] [2025-03-02T23:33:55.007Z] Checked if tokens are valid: true, expires at: 1740961462658
[debug] [2025-03-02T23:33:55.007Z] Checked if tokens are valid: true, expires at: 1740961462658
[debug] [2025-03-02T23:33:55.007Z] >>> [apiv2][query] GET https://cloudresourcemanager.googleapis.com/v1/projects/chinese-engineering-society [none]
[debug] [2025-03-02T23:33:55.160Z] <<< [apiv2][status] GET https://cloudresourcemanager.googleapis.com/v1/projects/chinese-engineering-society 200
[debug] [2025-03-02T23:33:55.160Z] <<< [apiv2][body] GET https://cloudresourcemanager.googleapis.com/v1/projects/chinese-engineering-society {"projectNumber":"432146520827","projectId":"chinese-engineering-society","lifecycleState":"ACTIVE","name":"Chinese Engineering Society","labels":{"firebase":"enabled"},"createTime":"2019-09-03T01:35:27.825Z","parent":{"type":"organization","id":"693889153112"}}
[info] 
[info] === Serving from 'C:\Users\ABC88\Documents\GitHub\CES_Official_Website'...
[info] 
[debug] [2025-03-02T23:33:55.162Z] Checked if tokens are valid: true, expires at: 1740961462658
[debug] [2025-03-02T23:33:55.162Z] Checked if tokens are valid: true, expires at: 1740961462658
[debug] [2025-03-02T23:33:55.162Z] >>> [apiv2][query] GET https://firebasehosting.googleapis.com/v1beta1/projects/chinese-engineering-society/sites 
[debug] [2025-03-02T23:33:55.559Z] <<< [apiv2][status] GET https://firebasehosting.googleapis.com/v1beta1/projects/chinese-engineering-society/sites 200
[debug] [2025-03-02T23:33:55.559Z] <<< [apiv2][body] GET https://firebasehosting.googleapis.com/v1beta1/projects/chinese-engineering-society/sites {"sites":[{"name":"projects/chinese-engineering-society/sites/chinese-engineering-society","defaultUrl":"https://chinese-engineering-society.web.app","appId":"1:432146520827:web:522bcd985eadfe44","type":"DEFAULT_SITE"},{"name":"projects/chinese-engineering-society/sites/ucsdces2","defaultUrl":"https://ucsdces2.web.app","appId":"1:432146520827:web:b145c9d2ff1f13a7d16e5e","type":"USER_SITE"}]}
[debug] [2025-03-02T23:33:55.560Z] Checked if tokens are valid: true, expires at: 1740961462658
[debug] [2025-03-02T23:33:55.560Z] Checked if tokens are valid: true, expires at: 1740961462658
[debug] [2025-03-02T23:33:55.560Z] >>> [apiv2][query] GET https://firebase.googleapis.com/v1beta1/projects/chinese-engineering-society/webApps/1:432146520827:web:522bcd985eadfe44/config [none]
[debug] [2025-03-02T23:33:55.987Z] <<< [apiv2][status] GET https://firebase.googleapis.com/v1beta1/projects/chinese-engineering-society/webApps/1:432146520827:web:522bcd985eadfe44/config 200
[debug] [2025-03-02T23:33:55.987Z] <<< [apiv2][body] GET https://firebase.googleapis.com/v1beta1/projects/chinese-engineering-society/webApps/1:432146520827:web:522bcd985eadfe44/config {"projectId":"chinese-engineering-society","appId":"1:432146520827:web:522bcd985eadfe44","databaseURL":"https://chinese-engineering-society.firebaseio.com","storageBucket":"chinese-engineering-society.firebasestorage.app","apiKey":"AIzaSyCVrfJ4RNa0Zs73agmk1eBWJ8U5ox1fg5A","authDomain":"chinese-engineering-society.firebaseapp.com","messagingSenderId":"432146520827"}
[debug] [2025-03-02T23:33:55.990Z] Checked if tokens are valid: true, expires at: 1740961462658
[debug] [2025-03-02T23:33:55.991Z] Checked if tokens are valid: true, expires at: 1740961462658
[debug] [2025-03-02T23:33:55.991Z] >>> [apiv2][query] GET https://firebase.googleapis.com/v1beta1/projects/chinese-engineering-society [none]
[debug] [2025-03-02T23:33:56.177Z] <<< [apiv2][status] GET https://firebase.googleapis.com/v1beta1/projects/chinese-engineering-society 200
[debug] [2025-03-02T23:33:56.177Z] <<< [apiv2][body] GET https://firebase.googleapis.com/v1beta1/projects/chinese-engineering-society {"projectId":"chinese-engineering-society","projectNumber":"432146520827","displayName":"Chinese Engineering Society","name":"projects/chinese-engineering-society","resources":{"hostingSite":"chinese-engineering-society","realtimeDatabaseInstance":"chinese-engineering-society"},"state":"ACTIVE","etag":"1_26cd3ebc-f56d-4d2e-bf76-239b588eaeeb"}
[info] i  hosting[chinese-engineering-society]: Serving hosting files from: public {"metadata":{"emulator":{"name":"hosting"},"message":"Serving hosting files from: \u001b[1mpublic\u001b[22m"}}
[info] +  hosting[chinese-engineering-society]: Local server: http://localhost:5000 {"metadata":{"emulator":{"name":"hosting"},"message":"Local server: \u001b[4m\u001b[1mhttp://localhost:5000\u001b[22m\u001b[24m"}}
[info] i  hosting: ::1 - - [02/Mar/2025:23:34:01 +0000] "GET /events.html HTTP/1.1" 200 - "http://localhost:5000/" "Mozilla/5.0 (Windows NT 10.0; Win64; x64) AppleWebKit/537.36 (KHTML, like Gecko) Chrome/133.0.0.0 Safari/537.36" {"metadata":{"emulator":{"name":"hosting"},"message":"::1 - - [02/Mar/2025:23:34:01 +0000] \"GET /events.html HTTP/1.1\" 200 - \"http://localhost:5000/\" \"Mozilla/5.0 (Windows NT 10.0; Win64; x64) AppleWebKit/537.36 (KHTML, like Gecko) Chrome/133.0.0.0 Safari/537.36\""}}
[info] i  hosting: ::1 - - [02/Mar/2025:23:34:01 +0000] "GET /images/2024-2025photo/CDP/%E3%80%90%E6%B4%BB%E5%8A%A8%E9%A2%84%E5%91%8A%E3%80%91%20CES%20%E6%96%B0%E7%B3%BB%E5%88%97%E6%B4%BB%E5%8A%A8----%E6%AF%8F%E6%9C%88%E5%B8%A6%E4%BD%A0%E8%B5%B0%E8%BF%91%E4%B8%80%E4%B8%AA%E8%A1%8C%E4%B8%9A%EF%BC%8C%E8%8E%B7%E5%8F%96%E8%A1%8C%E4%B8%9A%E5%86%85%E9%83%A8%E4%BF%A1%E6%81%AF%EF%BC%81%E7%AC%AC%E4%B8%80%E7%AF%87%EF%BC%9A%E5%AE%9D%E7%9F%B3%E5%AD%A6%EF%BC%88%E5%9C%B0%E7%90%83%E7%A7%91%E5%AD%A6%EF%BC%89.png HTTP/1.1" 200 42822 "http://localhost:5000/events.html" "Mozilla/5.0 (Windows NT 10.0; Win64; x64) AppleWebKit/537.36 (KHTML, like Gecko) Chrome/133.0.0.0 Safari/537.36" {"metadata":{"emulator":{"name":"hosting"},"message":"::1 - - [02/Mar/2025:23:34:01 +0000] \"GET /images/2024-2025photo/CDP/%E3%80%90%E6%B4%BB%E5%8A%A8%E9%A2%84%E5%91%8A%E3%80%91%20CES%20%E6%96%B0%E7%B3%BB%E5%88%97%E6%B4%BB%E5%8A%A8----%E6%AF%8F%E6%9C%88%E5%B8%A6%E4%BD%A0%E8%B5%B0%E8%BF%91%E4%B8%80%E4%B8%AA%E8%A1%8C%E4%B8%9A%EF%BC%8C%E8%8E%B7%E5%8F%96%E8%A1%8C%E4%B8%9A%E5%86%85%E9%83%A8%E4%BF%A1%E6%81%AF%EF%BC%81%E7%AC%AC%E4%B8%80%E7%AF%87%EF%BC%9A%E5%AE%9D%E7%9F%B3%E5%AD%A6%EF%BC%88%E5%9C%B0%E7%90%83%E7%A7%91%E5%AD%A6%EF%BC%89.png HTTP/1.1\" 200 42822 \"http://localhost:5000/events.html\" \"Mozilla/5.0 (Windows NT 10.0; Win64; x64) AppleWebKit/537.36 (KHTML, like Gecko) Chrome/133.0.0.0 Safari/537.36\""}}
[info] i  hosting: ::1 - - [02/Mar/2025:23:34:02 +0000] "GET /about.html HTTP/1.1" 200 - "http://localhost:5000/events.html" "Mozilla/5.0 (Windows NT 10.0; Win64; x64) AppleWebKit/537.36 (KHTML, like Gecko) Chrome/133.0.0.0 Safari/537.36" {"metadata":{"emulator":{"name":"hosting"},"message":"::1 - - [02/Mar/2025:23:34:02 +0000] \"GET /about.html HTTP/1.1\" 200 - \"http://localhost:5000/events.html\" \"Mozilla/5.0 (Windows NT 10.0; Win64; x64) AppleWebKit/537.36 (KHTML, like Gecko) Chrome/133.0.0.0 Safari/537.36\""}}
[info] i  hosting: ::1 - - [02/Mar/2025:23:34:02 +0000] "GET /images/2024-2025photo/General/5cab4148cabd67e7fdb60a0336a9b16.jpg HTTP/1.1" 200 11307 "http://localhost:5000/about.html" "Mozilla/5.0 (Windows NT 10.0; Win64; x64) AppleWebKit/537.36 (KHTML, like Gecko) Chrome/133.0.0.0 Safari/537.36" {"metadata":{"emulator":{"name":"hosting"},"message":"::1 - - [02/Mar/2025:23:34:02 +0000] \"GET /images/2024-2025photo/General/5cab4148cabd67e7fdb60a0336a9b16.jpg HTTP/1.1\" 200 11307 \"http://localhost:5000/about.html\" \"Mozilla/5.0 (Windows NT 10.0; Win64; x64) AppleWebKit/537.36 (KHTML, like Gecko) Chrome/133.0.0.0 Safari/537.36\""}}
